{"timestamp": "2025-12-11 11:41:11", "packet_number": 1, "message": "Hello from Android! #1"}
{"timestamp": "2025-12-11 11:41:13", "packet_number": 2, "message": "Hello from Android! #2"}
{"timestamp": "2025-12-11 11:41:15", "packet_number": 3, "message": "Hello from Android! #3"}
{"timestamp": "2025-12-11 11:44:21", "packet_number": 1, "message": "Hello from Android! #1"}
{"timestamp": "2025-12-11 11:44:23", "packet_number": 2, "message": "Hello from Android! #2"}
{"timestamp": "2025-12-11 11:44:25", "packet_number": 3, "message": "Hello from Android! #3"}
{"timestamp": "2025-12-11 11:44:28", "packet_number": 4, "message": "Hello from Android! #4"}
{"timestamp": "2025-12-11 12:02:28", "packet_number": 1, "message": "{\"packet_number\":1,\"type\":\"location\",\"data\":{\"latitude\":55.015039,\"longitude\":82.9437924,\"time\":\"07:00:00\",\"date\":\"01.01.1970\",\"timestamp\":0}}"}
{"timestamp": "2025-12-11 12:02:33", "packet_number": 2, "message": "{\"packet_number\":2,\"type\":\"location\",\"data\":{\"latitude\":55.015039,\"longitude\":82.9437924,\"time\":\"07:00:00\",\"date\":\"01.01.1970\",\"timestamp\":0}}"}
{"timestamp": "2025-12-11 12:06:14", "packet_number": 3, "message": "{\"packet_number\":1,\"timestamp\":1765429822073,\"type\":\"last_location\",\"data\":{\"time\":1765429097249,\"latitude\":55.0127338,\"longitude\":82.9501271,\"altitude\":129}}"}
{"timestamp": "2025-12-11 12:06:24", "packet_number": 4, "message": "{\"packet_number\":2,\"timestamp\":1765429832127,\"type\":\"last_location\",\"data\":{\"time\":1765429097249,\"latitude\":55.0127338,\"longitude\":82.9501271,\"altitude\":129}}"}
{"timestamp": "2025-12-11 12:09:44", "packet_number": 5, "message": "{\"packet_number\":1,\"timestamp\":1765430031224,\"type\":\"last_location\",\"data\":{\"time\":1765429097249,\"latitude\":55.0127338,\"longitude\":82.9501271,\"altitude\":129}}"}
{"timestamp": "2025-12-11 12:09:54", "packet_number": 6, "message": "{\"packet_number\":2,\"timestamp\":1765430041378,\"type\":\"last_location\",\"data\":{\"time\":1765429097249,\"latitude\":55.0127338,\"longitude\":82.9501271,\"altitude\":129}}"}
{"timestamp": "2025-12-11 12:12:52", "packet_number": 7, "message": "{\"packet_number\":1,\"timestamp\":1765430219713,\"type\":\"last_location\",\"data\":{\"time\":1765429097249,\"latitude\":55.0127338,\"longitude\":82.9501271,\"altitude\":129}}"}
{"timestamp": "2025-12-11 12:13:02", "packet_number": 8, "message": "{\"packet_number\":2,\"timestamp\":1765430229816,\"type\":\"last_location\",\"data\":{\"time\":1765429097249,\"latitude\":55.0127338,\"longitude\":82.9501271,\"altitude\":129}}"}
{"timestamp": "2025-12-11 12:13:08", "packet_number": 9, "message": "{\"packet_number\":1,\"timestamp\":1765430235807,\"type\":\"last_location\",\"data\":{\"time\":1765429097249,\"latitude\":55.0127338,\"longitude\":82.9501271,\"altitude\":129}}"}
{"timestamp": "2025-12-11 12:13:18", "packet_number": 10, "message": "{\"packet_number\":2,\"timestamp\":1765430245886,\"type\":\"last_location\",\"data\":{\"time\":1765429097249,\"latitude\":55.0127338,\"longitude\":82.9501271,\"altitude\":129}}"}
{"timestamp": "2025-12-11 12:16:11", "packet_number": 11, "message": "{\"packet_number\":1,\"data\":{\"time\":1765429097249,\"latitude\":55.0127338,\"longitude\":82.9501271,\"altitude\":129}}"}
{"timestamp": "2025-12-11 12:18:00", "packet_number": 12, "message": "{\"data\":{\"time\":1765429097249,\"latitude\":55.0127338,\"longitude\":82.9501271,\"altitude\":129}}"}
{"timestamp": "2025-12-11 12:22:39", "packet_number": 13, "message": "{\"time\":1765429097249,\"latitude\":55.0127338,\"longitude\":82.9501271,\"altitude\":129}"}
{"timestamp": "2025-12-11 12:22:49", "packet_number": 14, "message": "{\"time\":1765429097249,\"latitude\":55.0127338,\"longitude\":82.9501271,\"altitude\":129}"}
{"timestamp": "2025-12-11 12:40:56", "packet_number": 15, "message": "{\"time\":1765429097249,\"latitude\":55.0127338,\"longitude\":82.9501271,\"altitude\":129}"}
{"timestamp": "2025-12-11 12:41:06", "packet_number": 16, "message": "{\"time\":1765429097249,\"latitude\":55.0127338,\"longitude\":82.9501271,\"altitude\":129}"}
{"timestamp": "2025-12-11 12:46:17", "packet_number": 17, "message": "{\"time\":1765429097249,\"latitude\":55.0127338,\"longitude\":82.9501271,\"altitude\":129}"}
{"timestamp": "2025-12-11 12:46:28", "packet_number": 18, "message": "{\"time\":1765429097249,\"latitude\":55.0127338,\"longitude\":82.9501271,\"altitude\":129}"}
